<?xml version="1.0" encoding="UTF-8"?>
<testsuites name="TestSuite1" time="10" tests="4" failures="0" errors="0">
   <testsuite name="TestSuite1" tests="4" failures="0" errors="0" time="10" timestamp="2019-03-04 15:40:56" hostname="thanaporn.sri - MSP016-0000.miki.solutions" id="Test Suites/TestSuite1">
      <properties>
         <property name="deviceName" value=""/>
         <property name="devicePlatform" value=""/>
         <property name="logFolder" value="C:\\Users\\thanaporn.sri\\Katalon Studio\\API Demo Project 1\\Reports\\TestSuite1\\20190304_154054"/>
         <property name="logFiles" value="C:\\Users\\thanaporn.sri\\Katalon Studio\\API Demo Project 1\\Reports\\TestSuite1\\20190304_154054\\execution0.log"/>
         <property name="attachments" value=""/>
         <property name="hostName" value="thanaporn.sri - MSP016-0000.miki.solutions"/>
         <property name="hostAddress" value="10.150.1.113"/>
         <property name="os" value="Windows 10 64bit"/>
         <property name="katalonVersion" value="6.0.5.4"/>
      </properties>
      <testcase name="Test Cases/CalculatorTest/Addition" classname="Test Cases/CalculatorTest/Addition" status="PASSED">
         <system-out><![CDATA[2019-03-04 15:40:56 - [TEST_CASE][PASSED] - Test Cases/CalculatorTest/Addition: Test Cases/CalculatorTest/Addition

2019-03-04 15:40:57 - [TEST_STEP][PASSED] - sendRequest(findTestObject("CalculatorSoapService/Addition")): Send request successfully

2019-03-04 15:41:00 - [MESSAGE][INFO] - HAR: C:\Users\thanaporn.sri\Katalon Studio\API Demo Project 1\Reports\TestSuite1\20190304_154054\requests\main\0.har

2019-03-04 15:41:00 - [MESSAGE][PASSED] - Send request successfully

2019-03-04 15:41:00 - [TEST_STEP][PASSED] - response = sendRequestAndVerify(findTestObject("CalculatorSoapService/Addition")): Send request and verify the response successfully

2019-03-04 15:41:01 - [TEST_CASE][PASSED] - Start Test Case : Verification: Verification accomplished successfully

2019-03-04 15:41:01 - [TEST_STEP][PASSED] - request = getInstance().getCurrentRequest(): null

2019-03-04 15:41:01 - [TEST_STEP][PASSED] - response = getInstance().getCurrentResponse(): null

2019-03-04 15:41:01 - [TEST_STEP][PASSED] - verifyResponseStatusCode(response, 200): Verify response status code successfully

2019-03-04 15:41:01 - [MESSAGE][PASSED] - Verify response status code successfully

2019-03-04 15:41:01 - [TEST_STEP][PASSED] - getStatusCode()).isEqualTo(200): null

2019-03-04 15:41:01 - [TEST_STEP][PASSED] - getResponseText()).contains("AddResult"): null

2019-03-04 15:41:01 - [TEST_STEP][PASSED] - verifyElementPropertyValue(response, "AddResult", "27"): Verify element property value successfully

2019-03-04 15:41:01 - [MESSAGE][PASSED] - Verify element property value successfully

2019-03-04 15:41:01 - [TEST_STEP][PASSED] - verifyElementPropertyValue(response, "AddResponse.AddResult", "27"): Verify element property value successfully

2019-03-04 15:41:01 - [MESSAGE][PASSED] - Verify element property value successfully

2019-03-04 15:41:01 - [MESSAGE][PASSED] - Verify response successfully

2019-03-04 15:41:01 - [MESSAGE][PASSED] - Send request and verify the response successfully

2019-03-04 15:41:01 - [TEST_STEP][PASSED] - verifyElementPropertyValue(response, "Addresponse.AddResult", "27"): Verify element property value successfully

2019-03-04 15:41:01 - [MESSAGE][PASSED] - Verify element property value successfully]]></system-out>
         <system-err><![CDATA[]]></system-err>
      </testcase>
      <testcase name="Test Cases/GetBankDetails" classname="Test Cases/GetBankDetails" status="PASSED">
         <system-out><![CDATA[2019-03-04 15:41:01 - [TEST_CASE][PASSED] - Test Cases/GetBankDetails: Test Cases/GetBankDetails

2019-03-04 15:41:02 - [TEST_STEP][PASSED] - return null: null]]></system-out>
         <system-err><![CDATA[]]></system-err>
      </testcase>
      <testcase name="Test Cases/ListUsersTest" classname="Test Cases/ListUsersTest" status="PASSED">
         <system-out><![CDATA[2019-03-04 15:41:02 - [TEST_CASE][PASSED] - Test Cases/ListUsersTest: Test Cases/ListUsersTest

2019-03-04 15:41:02 - [TEST_STEP][PASSED] - sendRequest(findTestObject("UserRestService/ListUsers")): Send request successfully

2019-03-04 15:41:03 - [MESSAGE][INFO] - HAR: C:\Users\thanaporn.sri\Katalon Studio\API Demo Project 1\Reports\TestSuite1\20190304_154054\requests\main\1.har

2019-03-04 15:41:03 - [MESSAGE][PASSED] - Send request successfully

2019-03-04 15:41:03 - [TEST_STEP][PASSED] - response = sendRequestAndVerify(findTestObject("UserRestService/ListUsers")): Send request and verify the response successfully

2019-03-04 15:41:04 - [TEST_CASE][PASSED] - Start Test Case : Verification: Verification accomplished successfully

2019-03-04 15:41:04 - [TEST_STEP][PASSED] - request = getInstance().getCurrentRequest(): null

2019-03-04 15:41:04 - [TEST_STEP][PASSED] - response = getInstance().getCurrentResponse(): null

2019-03-04 15:41:04 - [TEST_STEP][PASSED] - verifyResponseStatusCode(response, 200): Verify response status code successfully

2019-03-04 15:41:04 - [MESSAGE][PASSED] - Verify response status code successfully

2019-03-04 15:41:04 - [TEST_STEP][PASSED] - getStatusCode()).isEqualTo(200): null

2019-03-04 15:41:04 - [TEST_STEP][PASSED] - verifyElementPropertyValue(response, "data[1].first_name", "Charles"): Verify element property value successfully

2019-03-04 15:41:04 - [MESSAGE][PASSED] - Verify element property value successfully

2019-03-04 15:41:04 - [TEST_STEP][PASSED] - verifyElementPropertyValue(response, "data[1].id", "5"): Verify element property value successfully

2019-03-04 15:41:04 - [MESSAGE][PASSED] - Verify element property value successfully

2019-03-04 15:41:04 - [MESSAGE][PASSED] - Verify response successfully

2019-03-04 15:41:04 - [MESSAGE][PASSED] - Send request and verify the response successfully

2019-03-04 15:41:04 - [TEST_STEP][PASSED] - verifyElementPropertyValue(response, "data[1].first_name", "Charles"): Verify element property value successfully

2019-03-04 15:41:04 - [MESSAGE][PASSED] - Verify element property value successfully

2019-03-04 15:41:04 - [TEST_STEP][PASSED] - verifyElementPropertyValue(response, "data[1].id", "5"): Verify element property value successfully

2019-03-04 15:41:04 - [MESSAGE][PASSED] - Verify element property value successfully

2019-03-04 15:41:04 - [TEST_STEP][PASSED] - verifyElementsCount(response, "data", 3): Verify element count successfully

2019-03-04 15:41:04 - [MESSAGE][PASSED] - Verify element count successfully

2019-03-04 15:41:04 - [TEST_STEP][PASSED] - verifyResponseStatusCodeInRange(response, 100, 200): Verify response status code successfully

2019-03-04 15:41:04 - [MESSAGE][PASSED] - Verify response status code successfully]]></system-out>
         <system-err><![CDATA[]]></system-err>
      </testcase>
      <testcase name="Test Cases/TestHTTPMethods" classname="Test Cases/TestHTTPMethods" status="PASSED">
         <system-out><![CDATA[2019-03-04 15:41:04 - [TEST_CASE][PASSED] - Test Cases/TestHTTPMethods: Test Cases/TestHTTPMethods

2019-03-04 15:41:04 - [TEST_STEP][PASSED] - response = sendRequestAndVerify(findTestObject("UserRestService/ListUsers")): Send request and verify the response successfully

2019-03-04 15:41:05 - [TEST_CASE][PASSED] - Start Test Case : Verification: Verification accomplished successfully

2019-03-04 15:41:05 - [TEST_STEP][PASSED] - request = getInstance().getCurrentRequest(): null

2019-03-04 15:41:05 - [TEST_STEP][PASSED] - response = getInstance().getCurrentResponse(): null

2019-03-04 15:41:05 - [TEST_STEP][PASSED] - verifyResponseStatusCode(response, 200): Verify response status code successfully

2019-03-04 15:41:05 - [MESSAGE][PASSED] - Verify response status code successfully

2019-03-04 15:41:05 - [TEST_STEP][PASSED] - getStatusCode()).isEqualTo(200): null

2019-03-04 15:41:05 - [TEST_STEP][PASSED] - verifyElementPropertyValue(response, "data[1].first_name", "Charles"): Verify element property value successfully

2019-03-04 15:41:05 - [MESSAGE][PASSED] - Verify element property value successfully

2019-03-04 15:41:05 - [TEST_STEP][PASSED] - verifyElementPropertyValue(response, "data[1].id", "5"): Verify element property value successfully

2019-03-04 15:41:05 - [MESSAGE][PASSED] - Verify element property value successfully

2019-03-04 15:41:05 - [MESSAGE][PASSED] - Verify response successfully

2019-03-04 15:41:05 - [MESSAGE][PASSED] - Send request and verify the response successfully

2019-03-04 15:41:05 - [TEST_STEP][PASSED] - response = sendRequestAndVerify(findTestObject("UserRestService/DeleteUser")): Send request and verify the response successfully

2019-03-04 15:41:05 - [TEST_CASE][PASSED] - Start Test Case : Verification: Verification accomplished successfully

2019-03-04 15:41:05 - [TEST_STEP][PASSED] - request = getInstance().getCurrentRequest(): null

2019-03-04 15:41:05 - [TEST_STEP][PASSED] - response = getInstance().getCurrentResponse(): null

2019-03-04 15:41:05 - [TEST_STEP][PASSED] - verifyResponseStatusCode(response, 204): Verify response status code successfully

2019-03-04 15:41:05 - [MESSAGE][PASSED] - Verify response status code successfully

2019-03-04 15:41:05 - [TEST_STEP][PASSED] - getStatusCode()).isEqualTo(204): null

2019-03-04 15:41:05 - [MESSAGE][PASSED] - Verify response successfully

2019-03-04 15:41:05 - [MESSAGE][PASSED] - Send request and verify the response successfully

2019-03-04 15:41:05 - [TEST_STEP][PASSED] - response = sendRequestAndVerify(findTestObject("UserRestService/UpdateUser")): Send request and verify the response successfully

2019-03-04 15:41:06 - [TEST_CASE][PASSED] - Start Test Case : Verification: Verification accomplished successfully

2019-03-04 15:41:06 - [TEST_STEP][PASSED] - request = getInstance().getCurrentRequest(): null

2019-03-04 15:41:06 - [TEST_STEP][PASSED] - response = getInstance().getCurrentResponse(): null

2019-03-04 15:41:06 - [TEST_STEP][PASSED] - verifyResponseStatusCode(response, 200): Verify response status code successfully

2019-03-04 15:41:06 - [MESSAGE][PASSED] - Verify response status code successfully

2019-03-04 15:41:06 - [TEST_STEP][PASSED] - getStatusCode()).isEqualTo(200): null

2019-03-04 15:41:06 - [MESSAGE][PASSED] - Verify response successfully

2019-03-04 15:41:06 - [MESSAGE][PASSED] - Send request and verify the response successfully

2019-03-04 15:41:06 - [TEST_STEP][PASSED] - response = sendRequestAndVerify(findTestObject("UserRestService/CreateUser")): Send request and verify the response successfully

2019-03-04 15:41:07 - [TEST_CASE][PASSED] - Start Test Case : Verification: Verification accomplished successfully

2019-03-04 15:41:07 - [TEST_STEP][PASSED] - request = getInstance().getCurrentRequest(): null

2019-03-04 15:41:07 - [TEST_STEP][PASSED] - response = getInstance().getCurrentResponse(): null

2019-03-04 15:41:07 - [TEST_STEP][PASSED] - verifyResponseStatusCode(response, 201): Verify response status code successfully

2019-03-04 15:41:07 - [MESSAGE][PASSED] - Verify response status code successfully

2019-03-04 15:41:07 - [TEST_STEP][PASSED] - getStatusCode()).isEqualTo(201): null

2019-03-04 15:41:07 - [MESSAGE][PASSED] - Verify response successfully

2019-03-04 15:41:07 - [MESSAGE][PASSED] - Send request and verify the response successfully]]></system-out>
         <system-err><![CDATA[]]></system-err>
      </testcase>
      <system-out><![CDATA[2019-03-04 15:40:56 - [TEST_SUITE][PASSED] - TestSuite1: Test Cases/TestHTTPMethods]]></system-out>
      <system-err><![CDATA[]]></system-err>
   </testsuite>
</testsuites>
